[02-Sep-2023 09:59:20 UTC] PHP Fatal error:  Uncaught Error: Call to undefined function get_parmalink() in /Users/mainonomura/Local Sites/hello-university/app/public/wp-content/themes/samurai_university/home.php:104
Stack trace:
#0 /Users/mainonomura/Local Sites/hello-university/app/public/wp-includes/template-loader.php(106): include()
#1 /Users/mainonomura/Local Sites/hello-university/app/public/wp-blog-header.php(19): require_once('/Users/mainonom...')
#2 /Users/mainonomura/Local Sites/hello-university/app/public/index.php(17): require('/Users/mainonom...')
#3 {main}
  thrown in /Users/mainonomura/Local Sites/hello-university/app/public/wp-content/themes/samurai_university/home.php on line 104
[03-Sep-2023 10:47:09 UTC] PHP Parse error:  syntax error, unexpected token "endif", expecting "," or ";" in /Users/mainonomura/Local Sites/hello-university/app/public/wp-content/themes/samurai_university/category.php on line 48
[03-Sep-2023 10:47:13 UTC] PHP Parse error:  syntax error, unexpected token "endif", expecting "," or ";" in /Users/mainonomura/Local Sites/hello-university/app/public/wp-content/themes/samurai_university/category.php on line 48
[03-Sep-2023 10:47:14 UTC] PHP Parse error:  syntax error, unexpected token "endif", expecting "," or ";" in /Users/mainonomura/Local Sites/hello-university/app/public/wp-content/themes/samurai_university/category.php on line 48
[03-Sep-2023 10:47:25 UTC] PHP Parse error:  syntax error, unexpected token "endif", expecting "," or ";" in /Users/mainonomura/Local Sites/hello-university/app/public/wp-content/themes/samurai_university/category.php on line 48
[03-Sep-2023 10:47:25 UTC] PHP Parse error:  syntax error, unexpected token "endif", expecting "," or ";" in /Users/mainonomura/Local Sites/hello-university/app/public/wp-content/themes/samurai_university/category.php on line 48
[03-Sep-2023 10:47:26 UTC] PHP Parse error:  syntax error, unexpected token "endif", expecting "," or ";" in /Users/mainonomura/Local Sites/hello-university/app/public/wp-content/themes/samurai_university/category.php on line 48
[03-Sep-2023 10:47:27 UTC] PHP Parse error:  syntax error, unexpected token "endif", expecting "," or ";" in /Users/mainonomura/Local Sites/hello-university/app/public/wp-content/themes/samurai_university/category.php on line 48
[06-Sep-2023 10:56:59 UTC] Sync process for Gutenberg Blocks has started.
[06-Sep-2023 10:56:59 UTC] CATEGORY:Importing categories..
[06-Sep-2023 10:56:59 UTC] CATEGORY:Storing in option ast-block-templates-categories
[06-Sep-2023 10:56:59 UTC] CATEGORY:Completed category import.
[06-Sep-2023 10:56:59 UTC] BLOCK: Getting Total Blocks
[06-Sep-2023 10:56:59 UTC] BLOCK: https://websitedemos.net/wp-json/astra-blocks/v1/get-blocks-count/?page_builder=gutenberg&wireframe=yes
[06-Sep-2023 10:57:00 UTC] BLOCK: Requests count 4
[06-Sep-2023 10:57:00 UTC] BLOCK: Importing request 1 ..
[06-Sep-2023 10:57:00 UTC] BLOCK: https://websitedemos.net/wp-json/astra-blocks/v1/blocks/?page_builder=gutenberg&per_page=100&page=1&wireframe=yes
[06-Sep-2023 10:57:00 UTC] BLOCK: Storing in option ast-block-templates-blocks-1
[06-Sep-2023 10:57:00 UTC] BLOCK: Completed request 1
[06-Sep-2023 10:57:00 UTC] BLOCK: Importing request 2 ..
[06-Sep-2023 10:57:00 UTC] BLOCK: https://websitedemos.net/wp-json/astra-blocks/v1/blocks/?page_builder=gutenberg&per_page=100&page=2&wireframe=yes
[06-Sep-2023 10:57:01 UTC] BLOCK: Storing in option ast-block-templates-blocks-2
[06-Sep-2023 10:57:01 UTC] BLOCK: Completed request 2
[06-Sep-2023 10:57:01 UTC] BLOCK: Importing request 3 ..
[06-Sep-2023 10:57:01 UTC] BLOCK: https://websitedemos.net/wp-json/astra-blocks/v1/blocks/?page_builder=gutenberg&per_page=100&page=3&wireframe=yes
[06-Sep-2023 10:57:03 UTC] BLOCK: Storing in option ast-block-templates-blocks-3
[06-Sep-2023 10:57:03 UTC] BLOCK: Completed request 3
[06-Sep-2023 10:57:03 UTC] BLOCK: Importing request 4 ..
[06-Sep-2023 10:57:03 UTC] BLOCK: https://websitedemos.net/wp-json/astra-blocks/v1/blocks/?page_builder=gutenberg&per_page=100&page=4&wireframe=yes
[06-Sep-2023 10:57:03 UTC] BLOCK: Storing in option ast-block-templates-blocks-4
[06-Sep-2023 10:57:03 UTC] BLOCK: Completed request 4
[06-Sep-2023 10:57:03 UTC] SITE: Getting Total Sites
[06-Sep-2023 10:57:03 UTC] SITE: https://websitedemos.net/wp-json/astra-sites/v1/get-total-pages/?page_builder=gutenberg
[06-Sep-2023 10:57:03 UTC] SITE: Request count 2
[06-Sep-2023 10:57:03 UTC] SITE: Importing request 1 ..
[06-Sep-2023 10:57:03 UTC] SITE: https://websitedemos.net/wp-json/astra-sites/v1/sites-and-pages/?per_page=100&page=1&page-builder=gutenberg
[06-Sep-2023 10:57:04 UTC] SITE: Storing in option ast-block-templates-sites-1
[06-Sep-2023 10:57:04 UTC] SITE: Completed request 1
[06-Sep-2023 10:57:04 UTC] SITE: Importing request 2 ..
[06-Sep-2023 10:57:04 UTC] SITE: https://websitedemos.net/wp-json/astra-sites/v1/sites-and-pages/?per_page=100&page=2&page-builder=gutenberg
[06-Sep-2023 10:57:04 UTC] SITE: Storing in option ast-block-templates-sites-2
[06-Sep-2023 10:57:04 UTC] SITE: Completed request 2
[06-Sep-2023 10:57:04 UTC] Sync process for Gutenberg Blocks is done.
[16-Sep-2023 01:21:23 UTC] Sync process for Gutenberg Blocks has started.
[16-Sep-2023 01:21:23 UTC] CATEGORY:Importing categories..
[16-Sep-2023 01:21:23 UTC] CATEGORY:Storing in option ast-block-templates-categories
[16-Sep-2023 01:21:23 UTC] CATEGORY:Completed category import.
[16-Sep-2023 01:21:23 UTC] BLOCK: Getting Total Blocks
[16-Sep-2023 01:21:23 UTC] BLOCK: https://websitedemos.net/wp-json/astra-blocks/v1/get-blocks-count/?page_builder=gutenberg&wireframe=yes
[16-Sep-2023 01:21:23 UTC] BLOCK: Requests count 4
[16-Sep-2023 01:21:23 UTC] BLOCK: Importing request 1 ..
[16-Sep-2023 01:21:23 UTC] BLOCK: https://websitedemos.net/wp-json/astra-blocks/v1/blocks/?page_builder=gutenberg&per_page=100&page=1&wireframe=yes
[16-Sep-2023 01:21:24 UTC] BLOCK: Storing in option ast-block-templates-blocks-1
[16-Sep-2023 01:21:24 UTC] BLOCK: Completed request 1
[16-Sep-2023 01:21:24 UTC] BLOCK: Importing request 2 ..
[16-Sep-2023 01:21:24 UTC] BLOCK: https://websitedemos.net/wp-json/astra-blocks/v1/blocks/?page_builder=gutenberg&per_page=100&page=2&wireframe=yes
[16-Sep-2023 01:21:25 UTC] BLOCK: Storing in option ast-block-templates-blocks-2
[16-Sep-2023 01:21:25 UTC] BLOCK: Completed request 2
[16-Sep-2023 01:21:25 UTC] BLOCK: Importing request 3 ..
[16-Sep-2023 01:21:25 UTC] BLOCK: https://websitedemos.net/wp-json/astra-blocks/v1/blocks/?page_builder=gutenberg&per_page=100&page=3&wireframe=yes
[16-Sep-2023 01:21:27 UTC] BLOCK: Storing in option ast-block-templates-blocks-3
[16-Sep-2023 01:21:27 UTC] BLOCK: Completed request 3
[16-Sep-2023 01:21:27 UTC] BLOCK: Importing request 4 ..
[16-Sep-2023 01:21:27 UTC] BLOCK: https://websitedemos.net/wp-json/astra-blocks/v1/blocks/?page_builder=gutenberg&per_page=100&page=4&wireframe=yes
[16-Sep-2023 01:21:27 UTC] BLOCK: Storing in option ast-block-templates-blocks-4
[16-Sep-2023 01:21:27 UTC] BLOCK: Completed request 4
[16-Sep-2023 01:21:27 UTC] SITE: Getting Total Sites
[16-Sep-2023 01:21:27 UTC] SITE: https://websitedemos.net/wp-json/astra-sites/v1/get-total-pages/?page_builder=gutenberg
[16-Sep-2023 01:21:27 UTC] SITE: Request count 2
[16-Sep-2023 01:21:27 UTC] SITE: Importing request 1 ..
[16-Sep-2023 01:21:27 UTC] SITE: https://websitedemos.net/wp-json/astra-sites/v1/sites-and-pages/?per_page=100&page=1&page-builder=gutenberg
[16-Sep-2023 01:21:28 UTC] SITE: Storing in option ast-block-templates-sites-1
[16-Sep-2023 01:21:28 UTC] SITE: Completed request 1
[16-Sep-2023 01:21:28 UTC] SITE: Importing request 2 ..
[16-Sep-2023 01:21:28 UTC] SITE: https://websitedemos.net/wp-json/astra-sites/v1/sites-and-pages/?per_page=100&page=2&page-builder=gutenberg
[16-Sep-2023 01:21:28 UTC] SITE: Storing in option ast-block-templates-sites-2
[16-Sep-2023 01:21:28 UTC] SITE: Completed request 2
[16-Sep-2023 01:21:28 UTC] Sync process for Gutenberg Blocks is done.
[16-Sep-2023 04:05:51 UTC] PHP Warning:  Undefined array key 0 in /Users/mainonomura/Local Sites/hello-university/app/public/wp-content/themes/samurai_university/single.php on line 13
[16-Sep-2023 04:05:51 UTC] PHP Warning:  Attempt to read property "slug" on null in /Users/mainonomura/Local Sites/hello-university/app/public/wp-content/themes/samurai_university/single.php on line 13
[16-Sep-2023 04:05:51 UTC] PHP Warning:  Undefined array key 0 in /Users/mainonomura/Local Sites/hello-university/app/public/wp-content/themes/samurai_university/single.php on line 14
[16-Sep-2023 04:05:51 UTC] PHP Warning:  Attempt to read property "cat_name" on null in /Users/mainonomura/Local Sites/hello-university/app/public/wp-content/themes/samurai_university/single.php on line 14
[16-Sep-2023 04:05:58 UTC] PHP Warning:  Undefined array key 0 in /Users/mainonomura/Local Sites/hello-university/app/public/wp-content/themes/samurai_university/single.php on line 13
[16-Sep-2023 04:05:58 UTC] PHP Warning:  Attempt to read property "slug" on null in /Users/mainonomura/Local Sites/hello-university/app/public/wp-content/themes/samurai_university/single.php on line 13
[16-Sep-2023 04:05:58 UTC] PHP Warning:  Undefined array key 0 in /Users/mainonomura/Local Sites/hello-university/app/public/wp-content/themes/samurai_university/single.php on line 14
[16-Sep-2023 04:05:58 UTC] PHP Warning:  Attempt to read property "cat_name" on null in /Users/mainonomura/Local Sites/hello-university/app/public/wp-content/themes/samurai_university/single.php on line 14
[16-Sep-2023 04:06:02 UTC] PHP Warning:  Undefined array key 0 in /Users/mainonomura/Local Sites/hello-university/app/public/wp-content/themes/samurai_university/single.php on line 13
[16-Sep-2023 04:06:02 UTC] PHP Warning:  Attempt to read property "slug" on null in /Users/mainonomura/Local Sites/hello-university/app/public/wp-content/themes/samurai_university/single.php on line 13
[16-Sep-2023 04:06:02 UTC] PHP Warning:  Undefined array key 0 in /Users/mainonomura/Local Sites/hello-university/app/public/wp-content/themes/samurai_university/single.php on line 14
[16-Sep-2023 04:06:02 UTC] PHP Warning:  Attempt to read property "cat_name" on null in /Users/mainonomura/Local Sites/hello-university/app/public/wp-content/themes/samurai_university/single.php on line 14
[16-Sep-2023 04:15:25 UTC] PHP Warning:  Undefined array key 0 in /Users/mainonomura/Local Sites/hello-university/app/public/wp-content/themes/samurai_university/single.php on line 13
[16-Sep-2023 04:15:25 UTC] PHP Warning:  Attempt to read property "slug" on null in /Users/mainonomura/Local Sites/hello-university/app/public/wp-content/themes/samurai_university/single.php on line 13
[16-Sep-2023 04:15:25 UTC] PHP Warning:  Undefined array key 0 in /Users/mainonomura/Local Sites/hello-university/app/public/wp-content/themes/samurai_university/single.php on line 14
[16-Sep-2023 04:15:25 UTC] PHP Warning:  Attempt to read property "cat_name" on null in /Users/mainonomura/Local Sites/hello-university/app/public/wp-content/themes/samurai_university/single.php on line 14
[16-Sep-2023 04:19:43 UTC] PHP Warning:  Undefined array key 0 in /Users/mainonomura/Local Sites/hello-university/app/public/wp-content/themes/samurai_university/single.php on line 13
[16-Sep-2023 04:19:43 UTC] PHP Warning:  Attempt to read property "slug" on null in /Users/mainonomura/Local Sites/hello-university/app/public/wp-content/themes/samurai_university/single.php on line 13
[16-Sep-2023 04:19:43 UTC] PHP Warning:  Undefined array key 0 in /Users/mainonomura/Local Sites/hello-university/app/public/wp-content/themes/samurai_university/single.php on line 14
[16-Sep-2023 04:19:43 UTC] PHP Warning:  Attempt to read property "cat_name" on null in /Users/mainonomura/Local Sites/hello-university/app/public/wp-content/themes/samurai_university/single.php on line 14
[16-Sep-2023 04:20:20 UTC] PHP Warning:  Undefined array key 0 in /Users/mainonomura/Local Sites/hello-university/app/public/wp-content/themes/samurai_university/single.php on line 13
[16-Sep-2023 04:20:20 UTC] PHP Warning:  Attempt to read property "slug" on null in /Users/mainonomura/Local Sites/hello-university/app/public/wp-content/themes/samurai_university/single.php on line 13
[16-Sep-2023 04:20:20 UTC] PHP Warning:  Undefined array key 0 in /Users/mainonomura/Local Sites/hello-university/app/public/wp-content/themes/samurai_university/single.php on line 14
[16-Sep-2023 04:20:20 UTC] PHP Warning:  Attempt to read property "cat_name" on null in /Users/mainonomura/Local Sites/hello-university/app/public/wp-content/themes/samurai_university/single.php on line 14
[16-Sep-2023 04:28:38 UTC] PHP Warning:  Undefined array key 0 in /Users/mainonomura/Local Sites/hello-university/app/public/wp-content/themes/samurai_university/single.php on line 13
[16-Sep-2023 04:28:38 UTC] PHP Warning:  Attempt to read property "slug" on null in /Users/mainonomura/Local Sites/hello-university/app/public/wp-content/themes/samurai_university/single.php on line 13
[16-Sep-2023 04:28:38 UTC] PHP Warning:  Undefined array key 0 in /Users/mainonomura/Local Sites/hello-university/app/public/wp-content/themes/samurai_university/single.php on line 14
[16-Sep-2023 04:28:38 UTC] PHP Warning:  Attempt to read property "cat_name" on null in /Users/mainonomura/Local Sites/hello-university/app/public/wp-content/themes/samurai_university/single.php on line 14
[16-Sep-2023 04:34:46 UTC] PHP Warning:  Undefined array key 0 in /Users/mainonomura/Local Sites/hello-university/app/public/wp-content/themes/samurai_university/single.php on line 13
[16-Sep-2023 04:34:46 UTC] PHP Warning:  Attempt to read property "slug" on null in /Users/mainonomura/Local Sites/hello-university/app/public/wp-content/themes/samurai_university/single.php on line 13
[16-Sep-2023 04:34:46 UTC] PHP Warning:  Undefined array key 0 in /Users/mainonomura/Local Sites/hello-university/app/public/wp-content/themes/samurai_university/single.php on line 14
[16-Sep-2023 04:34:46 UTC] PHP Warning:  Attempt to read property "cat_name" on null in /Users/mainonomura/Local Sites/hello-university/app/public/wp-content/themes/samurai_university/single.php on line 14
[16-Sep-2023 04:35:14 UTC] PHP Warning:  Undefined array key 0 in /Users/mainonomura/Local Sites/hello-university/app/public/wp-content/themes/samurai_university/single.php on line 13
[16-Sep-2023 04:35:14 UTC] PHP Warning:  Attempt to read property "slug" on null in /Users/mainonomura/Local Sites/hello-university/app/public/wp-content/themes/samurai_university/single.php on line 13
[16-Sep-2023 04:35:14 UTC] PHP Warning:  Undefined array key 0 in /Users/mainonomura/Local Sites/hello-university/app/public/wp-content/themes/samurai_university/single.php on line 14
[16-Sep-2023 04:35:14 UTC] PHP Warning:  Attempt to read property "cat_name" on null in /Users/mainonomura/Local Sites/hello-university/app/public/wp-content/themes/samurai_university/single.php on line 14
[16-Sep-2023 04:43:17 UTC] PHP Warning:  Undefined array key 0 in /Users/mainonomura/Local Sites/hello-university/app/public/wp-content/themes/samurai_university/single.php on line 13
[16-Sep-2023 04:43:17 UTC] PHP Warning:  Attempt to read property "slug" on null in /Users/mainonomura/Local Sites/hello-university/app/public/wp-content/themes/samurai_university/single.php on line 13
[16-Sep-2023 04:43:17 UTC] PHP Warning:  Undefined array key 0 in /Users/mainonomura/Local Sites/hello-university/app/public/wp-content/themes/samurai_university/single.php on line 14
[16-Sep-2023 04:43:17 UTC] PHP Warning:  Attempt to read property "cat_name" on null in /Users/mainonomura/Local Sites/hello-university/app/public/wp-content/themes/samurai_university/single.php on line 14
[16-Sep-2023 04:46:25 UTC] PHP Warning:  Undefined array key 0 in /Users/mainonomura/Local Sites/hello-university/app/public/wp-content/themes/samurai_university/single.php on line 13
[16-Sep-2023 04:46:25 UTC] PHP Warning:  Attempt to read property "slug" on null in /Users/mainonomura/Local Sites/hello-university/app/public/wp-content/themes/samurai_university/single.php on line 13
[16-Sep-2023 04:46:25 UTC] PHP Warning:  Undefined array key 0 in /Users/mainonomura/Local Sites/hello-university/app/public/wp-content/themes/samurai_university/single.php on line 14
[16-Sep-2023 04:46:25 UTC] PHP Warning:  Attempt to read property "cat_name" on null in /Users/mainonomura/Local Sites/hello-university/app/public/wp-content/themes/samurai_university/single.php on line 14
[16-Sep-2023 05:18:45 UTC] PHP Warning:  Undefined array key 0 in /Users/mainonomura/Local Sites/hello-university/app/public/wp-content/themes/samurai_university/single.php on line 13
[16-Sep-2023 05:18:45 UTC] PHP Warning:  Attempt to read property "slug" on null in /Users/mainonomura/Local Sites/hello-university/app/public/wp-content/themes/samurai_university/single.php on line 13
[16-Sep-2023 05:18:45 UTC] PHP Warning:  Undefined array key 0 in /Users/mainonomura/Local Sites/hello-university/app/public/wp-content/themes/samurai_university/single.php on line 14
[16-Sep-2023 05:18:45 UTC] PHP Warning:  Attempt to read property "cat_name" on null in /Users/mainonomura/Local Sites/hello-university/app/public/wp-content/themes/samurai_university/single.php on line 14
[16-Sep-2023 05:24:32 UTC] PHP Warning:  Undefined array key 0 in /Users/mainonomura/Local Sites/hello-university/app/public/wp-content/themes/samurai_university/single.php on line 13
[16-Sep-2023 05:24:32 UTC] PHP Warning:  Attempt to read property "slug" on null in /Users/mainonomura/Local Sites/hello-university/app/public/wp-content/themes/samurai_university/single.php on line 13
[16-Sep-2023 05:24:32 UTC] PHP Warning:  Undefined array key 0 in /Users/mainonomura/Local Sites/hello-university/app/public/wp-content/themes/samurai_university/single.php on line 14
[16-Sep-2023 05:24:32 UTC] PHP Warning:  Attempt to read property "cat_name" on null in /Users/mainonomura/Local Sites/hello-university/app/public/wp-content/themes/samurai_university/single.php on line 14
[16-Sep-2023 05:24:33 UTC] PHP Warning:  Undefined array key 0 in /Users/mainonomura/Local Sites/hello-university/app/public/wp-content/themes/samurai_university/single.php on line 13
[16-Sep-2023 05:24:33 UTC] PHP Warning:  Attempt to read property "slug" on null in /Users/mainonomura/Local Sites/hello-university/app/public/wp-content/themes/samurai_university/single.php on line 13
[16-Sep-2023 05:24:33 UTC] PHP Warning:  Undefined array key 0 in /Users/mainonomura/Local Sites/hello-university/app/public/wp-content/themes/samurai_university/single.php on line 14
[16-Sep-2023 05:24:33 UTC] PHP Warning:  Attempt to read property "cat_name" on null in /Users/mainonomura/Local Sites/hello-university/app/public/wp-content/themes/samurai_university/single.php on line 14
[16-Sep-2023 05:24:34 UTC] PHP Warning:  Undefined array key 0 in /Users/mainonomura/Local Sites/hello-university/app/public/wp-content/themes/samurai_university/single.php on line 13
[16-Sep-2023 05:24:34 UTC] PHP Warning:  Attempt to read property "slug" on null in /Users/mainonomura/Local Sites/hello-university/app/public/wp-content/themes/samurai_university/single.php on line 13
[16-Sep-2023 05:24:34 UTC] PHP Warning:  Undefined array key 0 in /Users/mainonomura/Local Sites/hello-university/app/public/wp-content/themes/samurai_university/single.php on line 14
[16-Sep-2023 05:24:34 UTC] PHP Warning:  Attempt to read property "cat_name" on null in /Users/mainonomura/Local Sites/hello-university/app/public/wp-content/themes/samurai_university/single.php on line 14
[16-Sep-2023 05:24:44 UTC] PHP Warning:  Undefined array key 0 in /Users/mainonomura/Local Sites/hello-university/app/public/wp-content/themes/samurai_university/single.php on line 13
[16-Sep-2023 05:24:44 UTC] PHP Warning:  Attempt to read property "slug" on null in /Users/mainonomura/Local Sites/hello-university/app/public/wp-content/themes/samurai_university/single.php on line 13
[16-Sep-2023 05:24:44 UTC] PHP Warning:  Undefined array key 0 in /Users/mainonomura/Local Sites/hello-university/app/public/wp-content/themes/samurai_university/single.php on line 14
[16-Sep-2023 05:24:44 UTC] PHP Warning:  Attempt to read property "cat_name" on null in /Users/mainonomura/Local Sites/hello-university/app/public/wp-content/themes/samurai_university/single.php on line 14
[16-Sep-2023 05:41:29 UTC] PHP Warning:  Undefined array key 0 in /Users/mainonomura/Local Sites/hello-university/app/public/wp-content/themes/samurai_university/single.php on line 13
[16-Sep-2023 05:41:29 UTC] PHP Warning:  Attempt to read property "slug" on null in /Users/mainonomura/Local Sites/hello-university/app/public/wp-content/themes/samurai_university/single.php on line 13
[16-Sep-2023 05:41:29 UTC] PHP Warning:  Undefined array key 0 in /Users/mainonomura/Local Sites/hello-university/app/public/wp-content/themes/samurai_university/single.php on line 14
[16-Sep-2023 05:41:29 UTC] PHP Warning:  Attempt to read property "cat_name" on null in /Users/mainonomura/Local Sites/hello-university/app/public/wp-content/themes/samurai_university/single.php on line 14
[16-Sep-2023 05:41:40 UTC] PHP Warning:  Undefined array key 0 in /Users/mainonomura/Local Sites/hello-university/app/public/wp-content/themes/samurai_university/single.php on line 13
[16-Sep-2023 05:41:40 UTC] PHP Warning:  Attempt to read property "slug" on null in /Users/mainonomura/Local Sites/hello-university/app/public/wp-content/themes/samurai_university/single.php on line 13
[16-Sep-2023 05:41:40 UTC] PHP Warning:  Undefined array key 0 in /Users/mainonomura/Local Sites/hello-university/app/public/wp-content/themes/samurai_university/single.php on line 14
[16-Sep-2023 05:41:40 UTC] PHP Warning:  Attempt to read property "cat_name" on null in /Users/mainonomura/Local Sites/hello-university/app/public/wp-content/themes/samurai_university/single.php on line 14
[16-Sep-2023 05:45:22 UTC] PHP Warning:  Undefined array key 0 in /Users/mainonomura/Local Sites/hello-university/app/public/wp-content/themes/samurai_university/single.php on line 13
[16-Sep-2023 05:45:22 UTC] PHP Warning:  Attempt to read property "slug" on null in /Users/mainonomura/Local Sites/hello-university/app/public/wp-content/themes/samurai_university/single.php on line 13
[16-Sep-2023 05:45:22 UTC] PHP Warning:  Undefined array key 0 in /Users/mainonomura/Local Sites/hello-university/app/public/wp-content/themes/samurai_university/single.php on line 14
[16-Sep-2023 05:45:22 UTC] PHP Warning:  Attempt to read property "cat_name" on null in /Users/mainonomura/Local Sites/hello-university/app/public/wp-content/themes/samurai_university/single.php on line 14
[16-Sep-2023 05:47:41 UTC] PHP Warning:  Undefined array key 0 in /Users/mainonomura/Local Sites/hello-university/app/public/wp-content/themes/samurai_university/single.php on line 13
[16-Sep-2023 05:47:41 UTC] PHP Warning:  Attempt to read property "slug" on null in /Users/mainonomura/Local Sites/hello-university/app/public/wp-content/themes/samurai_university/single.php on line 13
[16-Sep-2023 05:47:41 UTC] PHP Warning:  Undefined array key 0 in /Users/mainonomura/Local Sites/hello-university/app/public/wp-content/themes/samurai_university/single.php on line 14
[16-Sep-2023 05:47:41 UTC] PHP Warning:  Attempt to read property "cat_name" on null in /Users/mainonomura/Local Sites/hello-university/app/public/wp-content/themes/samurai_university/single.php on line 14
[09-Oct-2023 11:23:10 UTC] フックの cron 再予約イベントエラー: wp_version_check、エラーコード: could_not_set、エラーメッセージ: Cron イベントのリストを保存できません。、データ: {"schedule":"twicedaily","args":[],"interval":43200}
