[02-Sep-2023 08:53:36] NOTICE: fpm is running, pid 66793
[02-Sep-2023 08:53:36] NOTICE: ready to handle connections
[02-Sep-2023 11:26:00] NOTICE: Terminating ...
[02-Sep-2023 11:26:00] NOTICE: Terminating ...
[02-Sep-2023 11:26:00] NOTICE: exiting, bye-bye!
[02-Sep-2023 11:26:06] NOTICE: fpm is running, pid 67955
[02-Sep-2023 11:26:06] NOTICE: ready to handle connections
[02-Sep-2023 11:30:41] NOTICE: Terminating ...
[02-Sep-2023 11:30:41] NOTICE: Terminating ...
[02-Sep-2023 11:30:41] NOTICE: exiting, bye-bye!
[02-Sep-2023 16:15:21] NOTICE: fpm is running, pid 1769
[02-Sep-2023 16:15:21] NOTICE: ready to handle connections
[02-Sep-2023 20:43:35] NOTICE: Terminating ...
[02-Sep-2023 20:43:35] NOTICE: Terminating ...
[02-Sep-2023 20:43:35] NOTICE: exiting, bye-bye!
[03-Sep-2023 16:55:44] NOTICE: fpm is running, pid 2646
[03-Sep-2023 16:55:44] NOTICE: ready to handle connections
[03-Sep-2023 20:49:59] NOTICE: Terminating ...
[03-Sep-2023 20:49:59] NOTICE: Terminating ...
[03-Sep-2023 20:49:59] NOTICE: exiting, bye-bye!
[04-Sep-2023 22:32:08] NOTICE: fpm is running, pid 4682
[04-Sep-2023 22:32:08] NOTICE: ready to handle connections
[04-Sep-2023 22:32:12] NOTICE: Terminating ...
[04-Sep-2023 22:32:12] NOTICE: Terminating ...
[04-Sep-2023 22:32:12] NOTICE: exiting, bye-bye!
[04-Sep-2023 22:32:20] NOTICE: fpm is running, pid 4749
[04-Sep-2023 22:32:20] NOTICE: ready to handle connections
[04-Sep-2023 22:32:50] NOTICE: Terminating ...
[04-Sep-2023 22:32:50] NOTICE: Terminating ...
[04-Sep-2023 22:32:50] NOTICE: exiting, bye-bye!
[04-Sep-2023 22:32:58] NOTICE: fpm is running, pid 4822
[04-Sep-2023 22:32:58] NOTICE: ready to handle connections
[04-Sep-2023 22:33:15] NOTICE: Terminating ...
[04-Sep-2023 22:33:15] NOTICE: Terminating ...
[04-Sep-2023 22:33:15] NOTICE: exiting, bye-bye!
[06-Sep-2023 19:53:56] NOTICE: fpm is running, pid 7735
[06-Sep-2023 19:53:56] NOTICE: ready to handle connections
[06-Sep-2023 22:52:44] NOTICE: Terminating ...
[06-Sep-2023 22:52:44] NOTICE: Terminating ...
[06-Sep-2023 22:52:44] NOTICE: exiting, bye-bye!
[07-Sep-2023 22:28:47] NOTICE: fpm is running, pid 8817
[07-Sep-2023 22:28:47] NOTICE: ready to handle connections
[09-Sep-2023 21:13:28] NOTICE: Terminating ...
[09-Sep-2023 21:13:28] NOTICE: Terminating ...
[09-Sep-2023 21:13:28] NOTICE: exiting, bye-bye!
[10-Sep-2023 07:10:27] NOTICE: fpm is running, pid 12597
[10-Sep-2023 07:10:27] NOTICE: ready to handle connections
[10-Sep-2023 21:29:34] NOTICE: Terminating ...
[10-Sep-2023 21:29:34] NOTICE: Terminating ...
[10-Sep-2023 21:29:34] NOTICE: exiting, bye-bye!
[16-Sep-2023 10:04:29] NOTICE: fpm is running, pid 5290
[16-Sep-2023 10:04:29] NOTICE: ready to handle connections
[16-Sep-2023 14:44:25] NOTICE: Terminating ...
[16-Sep-2023 14:44:25] NOTICE: Terminating ...
[16-Sep-2023 14:44:25] NOTICE: exiting, bye-bye!
[16-Sep-2023 14:45:02] NOTICE: fpm is running, pid 7559
[16-Sep-2023 14:45:02] NOTICE: ready to handle connections
[16-Sep-2023 15:22:46] NOTICE: Terminating ...
[16-Sep-2023 15:22:46] NOTICE: Terminating ...
[16-Sep-2023 15:22:46] NOTICE: exiting, bye-bye!
[17-Sep-2023 08:42:15] NOTICE: fpm is running, pid 9324
[17-Sep-2023 08:42:15] NOTICE: ready to handle connections
[17-Sep-2023 08:42:31] NOTICE: Terminating ...
[17-Sep-2023 08:42:31] NOTICE: Terminating ...
[17-Sep-2023 08:42:31] NOTICE: exiting, bye-bye!
[17-Sep-2023 08:42:32] NOTICE: fpm is running, pid 9461
[17-Sep-2023 08:42:32] NOTICE: ready to handle connections
[17-Sep-2023 09:07:48] NOTICE: Terminating ...
[17-Sep-2023 09:07:48] NOTICE: Terminating ...
[17-Sep-2023 09:07:48] NOTICE: exiting, bye-bye!
[09-Oct-2023 20:23:07] NOTICE: fpm is running, pid 16150
[09-Oct-2023 20:23:07] NOTICE: ready to handle connections
[09-Oct-2023 20:24:28] NOTICE: Terminating ...
[09-Oct-2023 20:24:28] NOTICE: Terminating ...
[09-Oct-2023 20:24:28] NOTICE: exiting, bye-bye!
